----------------
IN: 
0x00000000:  d2880200  mov      x0, #0x4010
0x00000004:  9100001f  mov      sp, x0
0x00000008:  14020028  b        #0x800a8

 PC=0000000000000000 X00=0000000000000000 X01=0000000000000000
X02=0000000000000000 X03=0000000000000000 X04=0000000000000000
X05=0000000000000000 X06=0000000000000000 X07=0000000000000000
X08=0000000000000000 X09=0000000000000000 X10=0000000000000000
X11=0000000000000000 X12=0000000000000000 X13=0000000000000000
X14=0000000000000000 X15=0000000000000000 X16=0000000000000000
X17=0000000000000000 X18=0000000000000000 X19=0000000000000000
X20=0000000000000000 X21=0000000000000000 X22=0000000000000000
X23=0000000000000000 X24=0000000000000000 X25=0000000000000000
X26=0000000000000000 X27=0000000000000000 X28=0000000000000000
X29=0000000000000000 X30=0000000000000000  SP=0000000000000000
PSTATE=400003c5 -Z-- EL1h
----------------
IN: 
0x000800a8:  f81f0ffe  str      x30, [sp, #-0x10]!
0x000800ac:  94000016  bl       #0x80104

 PC=00000000000800a8 X00=0000000000004010 X01=0000000000000000
X02=0000000000000000 X03=0000000000000000 X04=0000000000000000
X05=0000000000000000 X06=0000000000000000 X07=0000000000000000
X08=0000000000000000 X09=0000000000000000 X10=0000000000000000
X11=0000000000000000 X12=0000000000000000 X13=0000000000000000
X14=0000000000000000 X15=0000000000000000 X16=0000000000000000
X17=0000000000000000 X18=0000000000000000 X19=0000000000000000
X20=0000000000000000 X21=0000000000000000 X22=0000000000000000
X23=0000000000000000 X24=0000000000000000 X25=0000000000000000
X26=0000000000000000 X27=0000000000000000 X28=0000000000000000
X29=0000000000000000 X30=0000000000000000  SP=0000000000004010
PSTATE=400003c5 -Z-- EL1h
----------------
IN: 
0x000800a8:  f81f0ffe  str      x30, [sp, #-0x10]!

 PC=00000000000800a8 X00=0000000000004010 X01=0000000000000000
X02=0000000000000000 X03=0000000000000000 X04=0000000000000000
X05=0000000000000000 X06=0000000000000000 X07=0000000000000000
X08=0000000000000000 X09=0000000000000000 X10=0000000000000000
X11=0000000000000000 X12=0000000000000000 X13=0000000000000000
X14=0000000000000000 X15=0000000000000000 X16=0000000000000000
X17=0000000000000000 X18=0000000000000000 X19=0000000000000000
X20=0000000000000000 X21=0000000000000000 X22=0000000000000000
X23=0000000000000000 X24=0000000000000000 X25=0000000000000000
X26=0000000000000000 X27=0000000000000000 X28=0000000000000000
X29=0000000000000000 X30=0000000000000000  SP=0000000000004010
PSTATE=400003c5 -Z-- EL1h
----------------
IN: 
0x000800ac:  94000016  bl       #0x80104

 PC=00000000000800ac X00=0000000000004010 X01=0000000000000000
X02=0000000000000000 X03=0000000000000000 X04=0000000000000000
X05=0000000000000000 X06=0000000000000000 X07=0000000000000000
X08=0000000000000000 X09=0000000000000000 X10=0000000000000000
X11=0000000000000000 X12=0000000000000000 X13=0000000000000000
X14=0000000000000000 X15=0000000000000000 X16=0000000000000000
X17=0000000000000000 X18=0000000000000000 X19=0000000000000000
X20=0000000000000000 X21=0000000000000000 X22=0000000000000000
X23=0000000000000000 X24=0000000000000000 X25=0000000000000000
X26=0000000000000000 X27=0000000000000000 X28=0000000000000000
X29=0000000000000000 X30=0000000000000000  SP=0000000000004000
PSTATE=400003c5 -Z-- EL1h
----------------
IN: 
0x00080104:  d65f03c0  ret      

 PC=0000000000080104 X00=0000000000004010 X01=0000000000000000
X02=0000000000000000 X03=0000000000000000 X04=0000000000000000
X05=0000000000000000 X06=0000000000000000 X07=0000000000000000
X08=0000000000000000 X09=0000000000000000 X10=0000000000000000
X11=0000000000000000 X12=0000000000000000 X13=0000000000000000
X14=0000000000000000 X15=0000000000000000 X16=0000000000000000
X17=0000000000000000 X18=0000000000000000 X19=0000000000000000
X20=0000000000000000 X21=0000000000000000 X22=0000000000000000
X23=0000000000000000 X24=0000000000000000 X25=0000000000000000
X26=0000000000000000 X27=0000000000000000 X28=0000000000000000
X29=0000000000000000 X30=00000000000800b0  SP=0000000000004000
PSTATE=400003c5 -Z-- EL1h
----------------
IN: 
0x000800b0:  52a00209  mov      w9, #0x100000
0x000800b4:  f940012a  ldr      x10, [x9]
0x000800b8:  b1000548  adds     x8, x10, #1
0x000800bc:  91000d4a  add      x10, x10, #3
0x000800c0:  f900012a  str      x10, [x9]
0x000800c4:  54000083  b.lo     #0x800d4

 PC=00000000000800b0 X00=0000000000004010 X01=0000000000000000
X02=0000000000000000 X03=0000000000000000 X04=0000000000000000
X05=0000000000000000 X06=0000000000000000 X07=0000000000000000
X08=0000000000000000 X09=0000000000000000 X10=0000000000000000
X11=0000000000000000 X12=0000000000000000 X13=0000000000000000
X14=0000000000000000 X15=0000000000000000 X16=0000000000000000
X17=0000000000000000 X18=0000000000000000 X19=0000000000000000
X20=0000000000000000 X21=0000000000000000 X22=0000000000000000
X23=0000000000000000 X24=0000000000000000 X25=0000000000000000
X26=0000000000000000 X27=0000000000000000 X28=0000000000000000
X29=0000000000000000 X30=00000000000800b0  SP=0000000000004000
PSTATE=400003c5 -Z-- EL1h
----------------
IN: 
0x000800c0:  f900012a  str      x10, [x9]

 PC=00000000000800c0 X00=0000000000004010 X01=0000000000000000
X02=0000000000000000 X03=0000000000000000 X04=0000000000000000
X05=0000000000000000 X06=0000000000000000 X07=0000000000000000
X08=0000000000000001 X09=0000000000100000 X10=0000000000000003
X11=0000000000000000 X12=0000000000000000 X13=0000000000000000
X14=0000000000000000 X15=0000000000000000 X16=0000000000000000
X17=0000000000000000 X18=0000000000000000 X19=0000000000000000
X20=0000000000000000 X21=0000000000000000 X22=0000000000000000
X23=0000000000000000 X24=0000000000000000 X25=0000000000000000
X26=0000000000000000 X27=0000000000000000 X28=0000000000000000
X29=0000000000000000 X30=00000000000800b0  SP=0000000000004000
PSTATE=000003c5 ---- EL1h
----------------
IN: 
0x000800c4:  54000083  b.lo     #0x800d4

 PC=00000000000800c4 X00=0000000000004010 X01=0000000000000000
X02=0000000000000000 X03=0000000000000000 X04=0000000000000000
X05=0000000000000000 X06=0000000000000000 X07=0000000000000000
X08=0000000000000001 X09=0000000000100000 X10=0000000000000003
X11=0000000000000000 X12=0000000000000000 X13=0000000000000000
X14=0000000000000000 X15=0000000000000000 X16=0000000000000000
X17=0000000000000000 X18=0000000000000000 X19=0000000000000000
X20=0000000000000000 X21=0000000000000000 X22=0000000000000000
X23=0000000000000000 X24=0000000000000000 X25=0000000000000000
X26=0000000000000000 X27=0000000000000000 X28=0000000000000000
X29=0000000000000000 X30=00000000000800b0  SP=0000000000004000
PSTATE=000003c5 ---- EL1h
----------------
IN: 
0x000800d4:  52800149  mov      w9, #0xa
0x000800d8:  39000109  strb     w9, [x8]
0x000800dc:  97ffffce  bl       #0x80014

 PC=00000000000800d4 X00=0000000000004010 X01=0000000000000000
X02=0000000000000000 X03=0000000000000000 X04=0000000000000000
X05=0000000000000000 X06=0000000000000000 X07=0000000000000000
X08=0000000000000001 X09=0000000000100000 X10=0000000000000003
X11=0000000000000000 X12=0000000000000000 X13=0000000000000000
X14=0000000000000000 X15=0000000000000000 X16=0000000000000000
X17=0000000000000000 X18=0000000000000000 X19=0000000000000000
X20=0000000000000000 X21=0000000000000000 X22=0000000000000000
X23=0000000000000000 X24=0000000000000000 X25=0000000000000000
X26=0000000000000000 X27=0000000000000000 X28=0000000000000000
X29=0000000000000000 X30=00000000000800b0  SP=0000000000004000
PSTATE=000003c5 ---- EL1h
----------------
IN: 
0x000800d8:  39000109  strb     w9, [x8]

 PC=00000000000800d8 X00=0000000000004010 X01=0000000000000000
X02=0000000000000000 X03=0000000000000000 X04=0000000000000000
X05=0000000000000000 X06=0000000000000000 X07=0000000000000000
X08=0000000000000001 X09=000000000000000a X10=0000000000000003
X11=0000000000000000 X12=0000000000000000 X13=0000000000000000
X14=0000000000000000 X15=0000000000000000 X16=0000000000000000
X17=0000000000000000 X18=0000000000000000 X19=0000000000000000
X20=0000000000000000 X21=0000000000000000 X22=0000000000000000
X23=0000000000000000 X24=0000000000000000 X25=0000000000000000
X26=0000000000000000 X27=0000000000000000 X28=0000000000000000
X29=0000000000000000 X30=00000000000800b0  SP=0000000000004000
PSTATE=000003c5 ---- EL1h
----------------
IN: 
0x000800dc:  97ffffce  bl       #0x80014

 PC=00000000000800dc X00=0000000000004010 X01=0000000000000000
X02=0000000000000000 X03=0000000000000000 X04=0000000000000000
X05=0000000000000000 X06=0000000000000000 X07=0000000000000000
X08=0000000000000001 X09=000000000000000a X10=0000000000000003
X11=0000000000000000 X12=0000000000000000 X13=0000000000000000
X14=0000000000000000 X15=0000000000000000 X16=0000000000000000
X17=0000000000000000 X18=0000000000000000 X19=0000000000000000
X20=0000000000000000 X21=0000000000000000 X22=0000000000000000
X23=0000000000000000 X24=0000000000000000 X25=0000000000000000
X26=0000000000000000 X27=0000000000000000 X28=0000000000000000
X29=0000000000000000 X30=00000000000800b0  SP=0000000000004000
PSTATE=000003c5 ---- EL1h
----------------
IN: 
0x00080014:  aa1f03ea  mov      x10, xzr
0x00080018:  d503201f  nop      
0x0008001c:  100007e8  adr      x8, #0x80118
0x00080020:  52a12009  mov      w9, #0x9000000
0x00080024:  14000007  b        #0x80040

 PC=0000000000080014 X00=0000000000004010 X01=0000000000000000
X02=0000000000000000 X03=0000000000000000 X04=0000000000000000
X05=0000000000000000 X06=0000000000000000 X07=0000000000000000
X08=0000000000000001 X09=000000000000000a X10=0000000000000003
X11=0000000000000000 X12=0000000000000000 X13=0000000000000000
X14=0000000000000000 X15=0000000000000000 X16=0000000000000000
X17=0000000000000000 X18=0000000000000000 X19=0000000000000000
X20=0000000000000000 X21=0000000000000000 X22=0000000000000000
X23=0000000000000000 X24=0000000000000000 X25=0000000000000000
X26=0000000000000000 X27=0000000000000000 X28=0000000000000000
X29=0000000000000000 X30=00000000000800e0  SP=0000000000004000
PSTATE=000003c5 ---- EL1h
----------------
IN: 
0x00080040:  38ea690d  ldrsb    w13, [x8, x10]
0x00080044:  9100054c  add      x12, x10, #1
0x00080048:  12001dab  and      w11, w13, #0xff
0x0008004c:  36ffff2d  tbz      w13, #0x1f, #0x80030

 PC=0000000000080040 X00=0000000000004010 X01=0000000000000000
X02=0000000000000000 X03=0000000000000000 X04=0000000000000000
X05=0000000000000000 X06=0000000000000000 X07=0000000000000000
X08=0000000000080118 X09=0000000009000000 X10=0000000000000000
X11=0000000000000000 X12=0000000000000000 X13=0000000000000000
X14=0000000000000000 X15=0000000000000000 X16=0000000000000000
X17=0000000000000000 X18=0000000000000000 X19=0000000000000000
X20=0000000000000000 X21=0000000000000000 X22=0000000000000000
X23=0000000000000000 X24=0000000000000000 X25=0000000000000000
X26=0000000000000000 X27=0000000000000000 X28=0000000000000000
X29=0000000000000000 X30=00000000000800e0  SP=0000000000004000
PSTATE=000003c5 ---- EL1h
----------------
IN: 
0x00080030:  f100659f  cmp      x12, #0x19
0x00080034:  aa0c03ea  mov      x10, x12
0x00080038:  3900012b  strb     w11, [x9]
0x0008003c:  54000340  b.eq     #0x800a4

 PC=0000000000080030 X00=0000000000004010 X01=0000000000000000
X02=0000000000000000 X03=0000000000000000 X04=0000000000000000
X05=0000000000000000 X06=0000000000000000 X07=0000000000000000
X08=0000000000080118 X09=0000000009000000 X10=0000000000000000
X11=0000000000000077 X12=0000000000000001 X13=0000000000000077
X14=0000000000000000 X15=0000000000000000 X16=0000000000000000
X17=0000000000000000 X18=0000000000000000 X19=0000000000000000
X20=0000000000000000 X21=0000000000000000 X22=0000000000000000
X23=0000000000000000 X24=0000000000000000 X25=0000000000000000
X26=0000000000000000 X27=0000000000000000 X28=0000000000000000
X29=0000000000000000 X30=00000000000800e0  SP=0000000000004000
PSTATE=000003c5 ---- EL1h
----------------
IN: 
0x00080038:  3900012b  strb     w11, [x9]

 PC=0000000000080038 X00=0000000000004010 X01=0000000000000000
X02=0000000000000000 X03=0000000000000000 X04=0000000000000000
X05=0000000000000000 X06=0000000000000000 X07=0000000000000000
X08=0000000000080118 X09=0000000009000000 X10=0000000000000001
X11=0000000000000077 X12=0000000000000001 X13=0000000000000077
X14=0000000000000000 X15=0000000000000000 X16=0000000000000000
X17=0000000000000000 X18=0000000000000000 X19=0000000000000000
X20=0000000000000000 X21=0000000000000000 X22=0000000000000000
X23=0000000000000000 X24=0000000000000000 X25=0000000000000000
X26=0000000000000000 X27=0000000000000000 X28=0000000000000000
X29=0000000000000000 X30=00000000000800e0  SP=0000000000004000
PSTATE=800003c5 N--- EL1h
----------------
IN: 
0x0008003c:  54000340  b.eq     #0x800a4

 PC=000000000008003c X00=0000000000004010 X01=0000000000000000
X02=0000000000000000 X03=0000000000000000 X04=0000000000000000
X05=0000000000000000 X06=0000000000000000 X07=0000000000000000
X08=0000000000080118 X09=0000000009000000 X10=0000000000000001
X11=0000000000000077 X12=0000000000000001 X13=0000000000000077
X14=0000000000000000 X15=0000000000000000 X16=0000000000000000
X17=0000000000000000 X18=0000000000000000 X19=0000000000000000
X20=0000000000000000 X21=0000000000000000 X22=0000000000000000
X23=0000000000000000 X24=0000000000000000 X25=0000000000000000
X26=0000000000000000 X27=0000000000000000 X28=0000000000000000
X29=0000000000000000 X30=00000000000800e0  SP=0000000000004000
PSTATE=800003c5 N--- EL1h
 PC=0000000000080040 X00=0000000000004010 X01=0000000000000000
X02=0000000000000000 X03=0000000000000000 X04=0000000000000000
X05=0000000000000000 X06=0000000000000000 X07=0000000000000000
X08=0000000000080118 X09=0000000009000000 X10=0000000000000001
X11=0000000000000077 X12=0000000000000001 X13=0000000000000077
X14=0000000000000000 X15=0000000000000000 X16=0000000000000000
X17=0000000000000000 X18=0000000000000000 X19=0000000000000000
X20=0000000000000000 X21=0000000000000000 X22=0000000000000000
X23=0000000000000000 X24=0000000000000000 X25=0000000000000000
X26=0000000000000000 X27=0000000000000000 X28=0000000000000000
X29=0000000000000000 X30=00000000000800e0  SP=0000000000004000
PSTATE=800003c5 N--- EL1h
 PC=0000000000080038 X00=0000000000004010 X01=0000000000000000
X02=0000000000000000 X03=0000000000000000 X04=0000000000000000
X05=0000000000000000 X06=0000000000000000 X07=0000000000000000
X08=0000000000080118 X09=0000000009000000 X10=0000000000000002
X11=0000000000000061 X12=0000000000000002 X13=0000000000000061
X14=0000000000000000 X15=0000000000000000 X16=0000000000000000
X17=0000000000000000 X18=0000000000000000 X19=0000000000000000
X20=0000000000000000 X21=0000000000000000 X22=0000000000000000
X23=0000000000000000 X24=0000000000000000 X25=0000000000000000
X26=0000000000000000 X27=0000000000000000 X28=0000000000000000
X29=0000000000000000 X30=00000000000800e0  SP=0000000000004000
PSTATE=800003c5 N--- EL1h
 PC=0000000000080038 X00=0000000000004010 X01=0000000000000000
X02=0000000000000000 X03=0000000000000000 X04=0000000000000000
X05=0000000000000000 X06=0000000000000000 X07=0000000000000000
X08=0000000000080118 X09=0000000009000000 X10=0000000000000003
X11=0000000000000073 X12=0000000000000003 X13=0000000000000073
X14=0000000000000000 X15=0000000000000000 X16=0000000000000000
X17=0000000000000000 X18=0000000000000000 X19=0000000000000000
X20=0000000000000000 X21=0000000000000000 X22=0000000000000000
X23=0000000000000000 X24=0000000000000000 X25=0000000000000000
X26=0000000000000000 X27=0000000000000000 X28=0000000000000000
X29=0000000000000000 X30=00000000000800e0  SP=0000000000004000
PSTATE=800003c5 N--- EL1h
 PC=0000000000080038 X00=0000000000004010 X01=0000000000000000
X02=0000000000000000 X03=0000000000000000 X04=0000000000000000
X05=0000000000000000 X06=0000000000000000 X07=0000000000000000
X08=0000000000080118 X09=0000000009000000 X10=0000000000000004
X11=0000000000000020 X12=0000000000000004 X13=0000000000000020
X14=0000000000000000 X15=0000000000000000 X16=0000000000000000
X17=0000000000000000 X18=0000000000000000 X19=0000000000000000
X20=0000000000000000 X21=0000000000000000 X22=0000000000000000
X23=0000000000000000 X24=0000000000000000 X25=0000000000000000
X26=0000000000000000 X27=0000000000000000 X28=0000000000000000
X29=0000000000000000 X30=00000000000800e0  SP=0000000000004000
PSTATE=800003c5 N--- EL1h
 PC=0000000000080038 X00=0000000000004010 X01=0000000000000000
X02=0000000000000000 X03=0000000000000000 X04=0000000000000000
X05=0000000000000000 X06=0000000000000000 X07=0000000000000000
X08=0000000000080118 X09=0000000009000000 X10=0000000000000005
X11=0000000000000067 X12=0000000000000005 X13=0000000000000067
X14=0000000000000000 X15=0000000000000000 X16=0000000000000000
X17=0000000000000000 X18=0000000000000000 X19=0000000000000000
X20=0000000000000000 X21=0000000000000000 X22=0000000000000000
X23=0000000000000000 X24=0000000000000000 X25=0000000000000000
X26=0000000000000000 X27=0000000000000000 X28=0000000000000000
X29=0000000000000000 X30=00000000000800e0  SP=0000000000004000
PSTATE=800003c5 N--- EL1h
 PC=0000000000080038 X00=0000000000004010 X01=0000000000000000
X02=0000000000000000 X03=0000000000000000 X04=0000000000000000
X05=0000000000000000 X06=0000000000000000 X07=0000000000000000
X08=0000000000080118 X09=0000000009000000 X10=0000000000000006
X11=0000000000000065 X12=0000000000000006 X13=0000000000000065
X14=0000000000000000 X15=0000000000000000 X16=0000000000000000
X17=0000000000000000 X18=0000000000000000 X19=0000000000000000
X20=0000000000000000 X21=0000000000000000 X22=0000000000000000
X23=0000000000000000 X24=0000000000000000 X25=0000000000000000
X26=0000000000000000 X27=0000000000000000 X28=0000000000000000
X29=0000000000000000 X30=00000000000800e0  SP=0000000000004000
PSTATE=800003c5 N--- EL1h
 PC=0000000000080038 X00=0000000000004010 X01=0000000000000000
X02=0000000000000000 X03=0000000000000000 X04=0000000000000000
X05=0000000000000000 X06=0000000000000000 X07=0000000000000000
X08=0000000000080118 X09=0000000009000000 X10=0000000000000007
X11=0000000000000068 X12=0000000000000007 X13=0000000000000068
X14=0000000000000000 X15=0000000000000000 X16=0000000000000000
X17=0000000000000000 X18=0000000000000000 X19=0000000000000000
X20=0000000000000000 X21=0000000000000000 X22=0000000000000000
X23=0000000000000000 X24=0000000000000000 X25=0000000000000000
X26=0000000000000000 X27=0000000000000000 X28=0000000000000000
X29=0000000000000000 X30=00000000000800e0  SP=0000000000004000
PSTATE=800003c5 N--- EL1h
 PC=0000000000080038 X00=0000000000004010 X01=0000000000000000
X02=0000000000000000 X03=0000000000000000 X04=0000000000000000
X05=0000000000000000 X06=0000000000000000 X07=0000000000000000
X08=0000000000080118 X09=0000000009000000 X10=0000000000000008
X11=0000000000000074 X12=0000000000000008 X13=0000000000000074
X14=0000000000000000 X15=0000000000000000 X16=0000000000000000
X17=0000000000000000 X18=0000000000000000 X19=0000000000000000
X20=0000000000000000 X21=0000000000000000 X22=0000000000000000
X23=0000000000000000 X24=0000000000000000 X25=0000000000000000
X26=0000000000000000 X27=0000000000000000 X28=0000000000000000
X29=0000000000000000 X30=00000000000800e0  SP=0000000000004000
PSTATE=800003c5 N--- EL1h
 PC=0000000000080038 X00=0000000000004010 X01=0000000000000000
X02=0000000000000000 X03=0000000000000000 X04=0000000000000000
X05=0000000000000000 X06=0000000000000000 X07=0000000000000000
X08=0000000000080118 X09=0000000009000000 X10=0000000000000009
X11=0000000000000020 X12=0000000000000009 X13=0000000000000020
X14=0000000000000000 X15=0000000000000000 X16=0000000000000000
X17=0000000000000000 X18=0000000000000000 X19=0000000000000000
X20=0000000000000000 X21=0000000000000000 X22=0000000000000000
X23=0000000000000000 X24=0000000000000000 X25=0000000000000000
X26=0000000000000000 X27=0000000000000000 X28=0000000000000000
X29=0000000000000000 X30=00000000000800e0  SP=0000000000004000
PSTATE=800003c5 N--- EL1h
 PC=0000000000080038 X00=0000000000004010 X01=0000000000000000
X02=0000000000000000 X03=0000000000000000 X04=0000000000000000
X05=0000000000000000 X06=0000000000000000 X07=0000000000000000
X08=0000000000080118 X09=0000000009000000 X10=000000000000000a
X11=0000000000000061 X12=000000000000000a X13=0000000000000061
X14=0000000000000000 X15=0000000000000000 X16=0000000000000000
X17=0000000000000000 X18=0000000000000000 X19=0000000000000000
X20=0000000000000000 X21=0000000000000000 X22=0000000000000000
X23=0000000000000000 X24=0000000000000000 X25=0000000000000000
X26=0000000000000000 X27=0000000000000000 X28=0000000000000000
X29=0000000000000000 X30=00000000000800e0  SP=0000000000004000
PSTATE=800003c5 N--- EL1h
 PC=0000000000080038 X00=0000000000004010 X01=0000000000000000
X02=0000000000000000 X03=0000000000000000 X04=0000000000000000
X05=0000000000000000 X06=0000000000000000 X07=0000000000000000
X08=0000000000080118 X09=0000000009000000 X10=000000000000000b
X11=0000000000000062 X12=000000000000000b X13=0000000000000062
X14=0000000000000000 X15=0000000000000000 X16=0000000000000000
X17=0000000000000000 X18=0000000000000000 X19=0000000000000000
X20=0000000000000000 X21=0000000000000000 X22=0000000000000000
X23=0000000000000000 X24=0000000000000000 X25=0000000000000000
X26=0000000000000000 X27=0000000000000000 X28=0000000000000000
X29=0000000000000000 X30=00000000000800e0  SP=0000000000004000
PSTATE=800003c5 N--- EL1h
 PC=0000000000080038 X00=0000000000004010 X01=0000000000000000
X02=0000000000000000 X03=0000000000000000 X04=0000000000000000
X05=0000000000000000 X06=0000000000000000 X07=0000000000000000
X08=0000000000080118 X09=0000000009000000 X10=000000000000000c
X11=0000000000000020 X12=000000000000000c X13=0000000000000020
X14=0000000000000000 X15=0000000000000000 X16=0000000000000000
X17=0000000000000000 X18=0000000000000000 X19=0000000000000000
X20=0000000000000000 X21=0000000000000000 X22=0000000000000000
X23=0000000000000000 X24=0000000000000000 X25=0000000000000000
X26=0000000000000000 X27=0000000000000000 X28=0000000000000000
X29=0000000000000000 X30=00000000000800e0  SP=0000000000004000
PSTATE=800003c5 N--- EL1h
 PC=0000000000080038 X00=0000000000004010 X01=0000000000000000
X02=0000000000000000 X03=0000000000000000 X04=0000000000000000
X05=0000000000000000 X06=0000000000000000 X07=0000000000000000
X08=0000000000080118 X09=0000000009000000 X10=000000000000000d
X11=0000000000000069 X12=000000000000000d X13=0000000000000069
X14=0000000000000000 X15=0000000000000000 X16=0000000000000000
X17=0000000000000000 X18=0000000000000000 X19=0000000000000000
X20=0000000000000000 X21=0000000000000000 X22=0000000000000000
X23=0000000000000000 X24=0000000000000000 X25=0000000000000000
X26=0000000000000000 X27=0000000000000000 X28=0000000000000000
X29=0000000000000000 X30=00000000000800e0  SP=0000000000004000
PSTATE=800003c5 N--- EL1h
 PC=0000000000080038 X00=0000000000004010 X01=0000000000000000
X02=0000000000000000 X03=0000000000000000 X04=0000000000000000
X05=0000000000000000 X06=0000000000000000 X07=0000000000000000
X08=0000000000080118 X09=0000000009000000 X10=000000000000000e
X11=000000000000006e X12=000000000000000e X13=000000000000006e
X14=0000000000000000 X15=0000000000000000 X16=0000000000000000
X17=0000000000000000 X18=0000000000000000 X19=0000000000000000
X20=0000000000000000 X21=0000000000000000 X22=0000000000000000
X23=0000000000000000 X24=0000000000000000 X25=0000000000000000
X26=0000000000000000 X27=0000000000000000 X28=0000000000000000
X29=0000000000000000 X30=00000000000800e0  SP=0000000000004000
PSTATE=800003c5 N--- EL1h
 PC=0000000000080038 X00=0000000000004010 X01=0000000000000000
X02=0000000000000000 X03=0000000000000000 X04=0000000000000000
X05=0000000000000000 X06=0000000000000000 X07=0000000000000000
X08=0000000000080118 X09=0000000009000000 X10=000000000000000f
X11=0000000000000020 X12=000000000000000f X13=0000000000000020
X14=0000000000000000 X15=0000000000000000 X16=0000000000000000
X17=0000000000000000 X18=0000000000000000 X19=0000000000000000
X20=0000000000000000 X21=0000000000000000 X22=0000000000000000
X23=0000000000000000 X24=0000000000000000 X25=0000000000000000
X26=0000000000000000 X27=0000000000000000 X28=0000000000000000
X29=0000000000000000 X30=00000000000800e0  SP=0000000000004000
PSTATE=800003c5 N--- EL1h
 PC=0000000000080038 X00=0000000000004010 X01=0000000000000000
X02=0000000000000000 X03=0000000000000000 X04=0000000000000000
X05=0000000000000000 X06=0000000000000000 X07=0000000000000000
X08=0000000000080118 X09=0000000009000000 X10=0000000000000010
X11=0000000000000072 X12=0000000000000010 X13=0000000000000072
X14=0000000000000000 X15=0000000000000000 X16=0000000000000000
X17=0000000000000000 X18=0000000000000000 X19=0000000000000000
X20=0000000000000000 X21=0000000000000000 X22=0000000000000000
X23=0000000000000000 X24=0000000000000000 X25=0000000000000000
X26=0000000000000000 X27=0000000000000000 X28=0000000000000000
X29=0000000000000000 X30=00000000000800e0  SP=0000000000004000
PSTATE=800003c5 N--- EL1h
 PC=0000000000080038 X00=0000000000004010 X01=0000000000000000
X02=0000000000000000 X03=0000000000000000 X04=0000000000000000
X05=0000000000000000 X06=0000000000000000 X07=0000000000000000
X08=0000000000080118 X09=0000000009000000 X10=0000000000000011
X11=0000000000000075 X12=0000000000000011 X13=0000000000000075
X14=0000000000000000 X15=0000000000000000 X16=0000000000000000
X17=0000000000000000 X18=0000000000000000 X19=0000000000000000
X20=0000000000000000 X21=0000000000000000 X22=0000000000000000
X23=0000000000000000 X24=0000000000000000 X25=0000000000000000
X26=0000000000000000 X27=0000000000000000 X28=0000000000000000
X29=0000000000000000 X30=00000000000800e0  SP=0000000000004000
PSTATE=800003c5 N--- EL1h
 PC=0000000000080038 X00=0000000000004010 X01=0000000000000000
X02=0000000000000000 X03=0000000000000000 X04=0000000000000000
X05=0000000000000000 X06=0000000000000000 X07=0000000000000000
X08=0000000000080118 X09=0000000009000000 X10=0000000000000012
X11=000000000000006d X12=0000000000000012 X13=000000000000006d
X14=0000000000000000 X15=0000000000000000 X16=0000000000000000
X17=0000000000000000 X18=0000000000000000 X19=0000000000000000
X20=0000000000000000 X21=0000000000000000 X22=0000000000000000
X23=0000000000000000 X24=0000000000000000 X25=0000000000000000
X26=0000000000000000 X27=0000000000000000 X28=0000000000000000
X29=0000000000000000 X30=00000000000800e0  SP=0000000000004000
PSTATE=800003c5 N--- EL1h
----------------
IN: 
0x00080050:  386c690d  ldrb     w13, [x8, x12]
0x00080054:  7103817f  cmp      w11, #0xe0
0x00080058:  9100094c  add      x12, x10, #2
0x0008005c:  120015ad  and      w13, w13, #0x3f
0x00080060:  54fffe43  b.lo     #0x80028

 PC=0000000000080050 X00=0000000000004010 X01=0000000000000000
X02=0000000000000000 X03=0000000000000000 X04=0000000000000000
X05=0000000000000000 X06=0000000000000000 X07=0000000000000000
X08=0000000000080118 X09=0000000009000000 X10=0000000000000012
X11=00000000000000c3 X12=0000000000000013 X13=00000000ffffffc3
X14=0000000000000000 X15=0000000000000000 X16=0000000000000000
X17=0000000000000000 X18=0000000000000000 X19=0000000000000000
X20=0000000000000000 X21=0000000000000000 X22=0000000000000000
X23=0000000000000000 X24=0000000000000000 X25=0000000000000000
X26=0000000000000000 X27=0000000000000000 X28=0000000000000000
X29=0000000000000000 X30=00000000000800e0  SP=0000000000004000
PSTATE=800003c5 N--- EL1h
----------------
IN: 
0x00080028:  331a116d  bfi      w13, w11, #6, #5
0x0008002c:  2a0d03eb  mov      w11, w13
0x00080030:  f100659f  cmp      x12, #0x19
0x00080034:  aa0c03ea  mov      x10, x12
0x00080038:  3900012b  strb     w11, [x9]
0x0008003c:  54000340  b.eq     #0x800a4

 PC=0000000000080028 X00=0000000000004010 X01=0000000000000000
X02=0000000000000000 X03=0000000000000000 X04=0000000000000000
X05=0000000000000000 X06=0000000000000000 X07=0000000000000000
X08=0000000000080118 X09=0000000009000000 X10=0000000000000012
X11=00000000000000c3 X12=0000000000000014 X13=0000000000000024
X14=0000000000000000 X15=0000000000000000 X16=0000000000000000
X17=0000000000000000 X18=0000000000000000 X19=0000000000000000
X20=0000000000000000 X21=0000000000000000 X22=0000000000000000
X23=0000000000000000 X24=0000000000000000 X25=0000000000000000
X26=0000000000000000 X27=0000000000000000 X28=0000000000000000
X29=0000000000000000 X30=00000000000800e0  SP=0000000000004000
PSTATE=800003c5 N--- EL1h
 PC=0000000000080038 X00=0000000000004010 X01=0000000000000000
X02=0000000000000000 X03=0000000000000000 X04=0000000000000000
X05=0000000000000000 X06=0000000000000000 X07=0000000000000000
X08=0000000000080118 X09=0000000009000000 X10=0000000000000014
X11=00000000000000e4 X12=0000000000000014 X13=00000000000000e4
X14=0000000000000000 X15=0000000000000000 X16=0000000000000000
X17=0000000000000000 X18=0000000000000000 X19=0000000000000000
X20=0000000000000000 X21=0000000000000000 X22=0000000000000000
X23=0000000000000000 X24=0000000000000000 X25=0000000000000000
X26=0000000000000000 X27=0000000000000000 X28=0000000000000000
X29=0000000000000000 X30=00000000000800e0  SP=0000000000004000
PSTATE=800003c5 N--- EL1h
 PC=0000000000080038 X00=0000000000004010 X01=0000000000000000
X02=0000000000000000 X03=0000000000000000 X04=0000000000000000
X05=0000000000000000 X06=0000000000000000 X07=0000000000000000
X08=0000000000080118 X09=0000000009000000 X10=0000000000000015
X11=000000000000006e X12=0000000000000015 X13=000000000000006e
X14=0000000000000000 X15=0000000000000000 X16=0000000000000000
X17=0000000000000000 X18=0000000000000000 X19=0000000000000000
X20=0000000000000000 X21=0000000000000000 X22=0000000000000000
X23=0000000000000000 X24=0000000000000000 X25=0000000000000000
X26=0000000000000000 X27=0000000000000000 X28=0000000000000000
X29=0000000000000000 X30=00000000000800e0  SP=0000000000004000
PSTATE=800003c5 N--- EL1h
 PC=0000000000080038 X00=0000000000004010 X01=0000000000000000
X02=0000000000000000 X03=0000000000000000 X04=0000000000000000
X05=0000000000000000 X06=0000000000000000 X07=0000000000000000
X08=0000000000080118 X09=0000000009000000 X10=0000000000000016
X11=0000000000000069 X12=0000000000000016 X13=0000000000000069
X14=0000000000000000 X15=0000000000000000 X16=0000000000000000
X17=0000000000000000 X18=0000000000000000 X19=0000000000000000
X20=0000000000000000 X21=0000000000000000 X22=0000000000000000
X23=0000000000000000 X24=0000000000000000 X25=0000000000000000
X26=0000000000000000 X27=0000000000000000 X28=0000000000000000
X29=0000000000000000 X30=00000000000800e0  SP=0000000000004000
PSTATE=800003c5 N--- EL1h
 PC=0000000000080038 X00=0000000000004010 X01=0000000000000000
X02=0000000000000000 X03=0000000000000000 X04=0000000000000000
X05=0000000000000000 X06=0000000000000000 X07=0000000000000000
X08=0000000000080118 X09=0000000009000000 X10=0000000000000017
X11=0000000000000065 X12=0000000000000017 X13=0000000000000065
X14=0000000000000000 X15=0000000000000000 X16=0000000000000000
X17=0000000000000000 X18=0000000000000000 X19=0000000000000000
X20=0000000000000000 X21=0000000000000000 X22=0000000000000000
X23=0000000000000000 X24=0000000000000000 X25=0000000000000000
X26=0000000000000000 X27=0000000000000000 X28=0000000000000000
X29=0000000000000000 X30=00000000000800e0  SP=0000000000004000
PSTATE=800003c5 N--- EL1h
 PC=0000000000080038 X00=0000000000004010 X01=0000000000000000
X02=0000000000000000 X03=0000000000000000 X04=0000000000000000
X05=0000000000000000 X06=0000000000000000 X07=0000000000000000
X08=0000000000080118 X09=0000000009000000 X10=0000000000000018
X11=000000000000006e X12=0000000000000018 X13=000000000000006e
X14=0000000000000000 X15=0000000000000000 X16=0000000000000000
X17=0000000000000000 X18=0000000000000000 X19=0000000000000000
X20=0000000000000000 X21=0000000000000000 X22=0000000000000000
X23=0000000000000000 X24=0000000000000000 X25=0000000000000000
X26=0000000000000000 X27=0000000000000000 X28=0000000000000000
X29=0000000000000000 X30=00000000000800e0  SP=0000000000004000
PSTATE=800003c5 N--- EL1h
 PC=0000000000080038 X00=0000000000004010 X01=0000000000000000
X02=0000000000000000 X03=0000000000000000 X04=0000000000000000
X05=0000000000000000 X06=0000000000000000 X07=0000000000000000
X08=0000000000080118 X09=0000000009000000 X10=0000000000000019
X11=000000000000003f X12=0000000000000019 X13=000000000000003f
X14=0000000000000000 X15=0000000000000000 X16=0000000000000000
X17=0000000000000000 X18=0000000000000000 X19=0000000000000000
X20=0000000000000000 X21=0000000000000000 X22=0000000000000000
X23=0000000000000000 X24=0000000000000000 X25=0000000000000000
X26=0000000000000000 X27=0000000000000000 X28=0000000000000000
X29=0000000000000000 X30=00000000000800e0  SP=0000000000004000
PSTATE=600003c5 -ZC- EL1h
----------------
IN: 
0x000800a4:  d65f03c0  ret      

 PC=00000000000800a4 X00=0000000000004010 X01=0000000000000000
X02=0000000000000000 X03=0000000000000000 X04=0000000000000000
X05=0000000000000000 X06=0000000000000000 X07=0000000000000000
X08=0000000000080118 X09=0000000009000000 X10=0000000000000019
X11=000000000000003f X12=0000000000000019 X13=000000000000003f
X14=0000000000000000 X15=0000000000000000 X16=0000000000000000
X17=0000000000000000 X18=0000000000000000 X19=0000000000000000
X20=0000000000000000 X21=0000000000000000 X22=0000000000000000
X23=0000000000000000 X24=0000000000000000 X25=0000000000000000
X26=0000000000000000 X27=0000000000000000 X28=0000000000000000
X29=0000000000000000 X30=00000000000800e0  SP=0000000000004000
PSTATE=600003c5 -ZC- EL1h
----------------
IN: 
0x000800e0:  52a00209  mov      w9, #0x100000
0x000800e4:  aa1f03e8  mov      x8, xzr
0x000800e8:  f940012a  ldr      x10, [x9]
0x000800ec:  9100054a  add      x10, x10, #1
0x000800f0:  f900012a  str      x10, [x9]
0x000800f4:  aa0803e1  mov      x1, x8
0x000800f8:  d2800300  mov      x0, #0x18
0x000800fc:  d45e0000  hlt      #0xf000

 PC=00000000000800e0 X00=0000000000004010 X01=0000000000000000
X02=0000000000000000 X03=0000000000000000 X04=0000000000000000
X05=0000000000000000 X06=0000000000000000 X07=0000000000000000
X08=0000000000080118 X09=0000000009000000 X10=0000000000000019
X11=000000000000003f X12=0000000000000019 X13=000000000000003f
X14=0000000000000000 X15=0000000000000000 X16=0000000000000000
X17=0000000000000000 X18=0000000000000000 X19=0000000000000000
X20=0000000000000000 X21=0000000000000000 X22=0000000000000000
X23=0000000000000000 X24=0000000000000000 X25=0000000000000000
X26=0000000000000000 X27=0000000000000000 X28=0000000000000000
X29=0000000000000000 X30=00000000000800e0  SP=0000000000004000
PSTATE=600003c5 -ZC- EL1h
----------------
IN: 
0x000800f0:  f900012a  str      x10, [x9]

 PC=00000000000800f0 X00=0000000000004010 X01=0000000000000000
X02=0000000000000000 X03=0000000000000000 X04=0000000000000000
X05=0000000000000000 X06=0000000000000000 X07=0000000000000000
X08=0000000000000000 X09=0000000000100000 X10=0000000000000001
X11=000000000000003f X12=0000000000000019 X13=000000000000003f
X14=0000000000000000 X15=0000000000000000 X16=0000000000000000
X17=0000000000000000 X18=0000000000000000 X19=0000000000000000
X20=0000000000000000 X21=0000000000000000 X22=0000000000000000
X23=0000000000000000 X24=0000000000000000 X25=0000000000000000
X26=0000000000000000 X27=0000000000000000 X28=0000000000000000
X29=0000000000000000 X30=00000000000800e0  SP=0000000000004000
PSTATE=600003c5 -ZC- EL1h
----------------
IN: 
0x000800f4:  aa0803e1  mov      x1, x8
0x000800f8:  d2800300  mov      x0, #0x18
0x000800fc:  d45e0000  hlt      #0xf000

 PC=00000000000800f4 X00=0000000000004010 X01=0000000000000000
X02=0000000000000000 X03=0000000000000000 X04=0000000000000000
X05=0000000000000000 X06=0000000000000000 X07=0000000000000000
X08=0000000000000000 X09=0000000000100000 X10=0000000000000001
X11=000000000000003f X12=0000000000000019 X13=000000000000003f
X14=0000000000000000 X15=0000000000000000 X16=0000000000000000
X17=0000000000000000 X18=0000000000000000 X19=0000000000000000
X20=0000000000000000 X21=0000000000000000 X22=0000000000000000
X23=0000000000000000 X24=0000000000000000 X25=0000000000000000
X26=0000000000000000 X27=0000000000000000 X28=0000000000000000
X29=0000000000000000 X30=00000000000800e0  SP=0000000000004000
PSTATE=600003c5 -ZC- EL1h
